https://api.openweathermap.org/data/2.5/weather?lat=39.907501&lon=116.397232&appid=8000de0e0248108140e1bde34fbb45e1&units=metric
Temperatura actual: 22.34°C
Temperatura mínima: 22.34°C
Temperatura máxima: 22.34°C
Presión atmosférica: 1011 hPa
Humedad: 91%
Descripción: Clear sky
https://api.openweathermap.org/data/2.5/weather?lat=39.907501&lon=116.397232&appid=8000de0e0248108140e1bde34fbb45e1&units=metric
Temperatura actual: 22.34°C
Temperatura mínima: 22.34°C
Temperatura máxima: 22.34°C
Presión atmosférica: 1011 hPa
Humedad: 91%
Descripción: Clear sky
https://api.openweathermap.org/data/2.5/weather?lat=39.907501&lon=116.397232&appid=8000de0e0248108140e1bde34fbb45e1&units=metric
Temperatura actual: 22.34°C
Temperatura mínima: 22.34°C
Temperatura máxima: 22.34°C
Presión atmosférica: 1011 hPa
Humedad: 91%
Descripción: Clear sky
https://api.openweathermap.org/data/2.5/weather?lat=39.907501&lon=116.397232&appid=8000de0e0248108140e1bde34fbb45e1&units=metric
Temperatura actual: 23.47°C
Temperatura mínima: 23.47°C
Temperatura máxima: 23.47°C
Presión atmosférica: 1011 hPa
Humedad: 86%
Descripción: Clear sky
https://api.openweathermap.org/data/2.5/weather?lat=39.907501&lon=116.397232&appid=8000de0e0248108140e1bde34fbb45e1&units=metric
Temperatura actual: 23.47°C
Temperatura mínima: 23.47°C
Temperatura máxima: 23.47°C
Presión atmosférica: 1011 hPa
Humedad: 86%
Descripción: Clear sky
https://api.openweathermap.org/data/2.5/weather?lat=39.907501&lon=116.397232&appid=8000de0e0248108140e1bde34fbb45e1&units=metric
Temperatura actual: 25.14°C
Temperatura mínima: 25.14°C
Temperatura máxima: 25.14°C
Presión atmosférica: 1011 hPa
Humedad: 76%
Descripción: Clear sky
https://api.openweathermap.org/data/2.5/weather?lat=39.907501&lon=116.397232&appid=8000de0e0248108140e1bde34fbb45e1&units=metric
Temperatura actual: 25.14°C
Temperatura mínima: 25.14°C
Temperatura máxima: 25.14°C
Presión atmosférica: 1011 hPa
Humedad: 76%
Descripción: Clear sky
https://api.openweathermap.org/data/2.5/weather?lat=39.907501&lon=116.397232&appid=8000de0e0248108140e1bde34fbb45e1&units=metric
longitud: 116.3972
latitud: 39.9075
estado del cielo: Clear
descripción del cielo: clear sky
temperatura actual (°C): 25.14
temperatura mínima (°C): 25.14
temperatura máxima (°C): 25.14
presión (hPa): 1011
humedad (%): 76
visibilidad (m): 10000
velocidad del viento (m/s): 1.85
dirección del viento (°): 5
nubes (%): 0
hora del amanecer: 1723584317
hora del atardecer: 1723633987
zona horaria: 28800
nombre de la ciudad: Beijing
id de la ciudad: 1816670
https://api.openweathermap.org/data/2.5/weather?lat=39.907501&lon=116.397232&appid=8000de0e0248108140e1bde34fbb45e1&units=metric
fecha y hora del reporte (UTC): 2024-08-14 00:21:54
longitud: 116.3972
latitud: 39.9075
estado del cielo: Clear
descripción del cielo: clear sky
temperatura actual (°C): 25.14
temperatura mínima (°C): 25.14
temperatura máxima (°C): 25.14
presión (hPa): 1011
humedad (%): 76
visibilidad (m): 10000
velocidad del viento (m/s): 1.85
dirección del viento (°): 5
nubes (%): 0
hora del amanecer (UNIX): 1723584317
hora del atardecer (UNIX): 1723633987
zona horaria: 28800
nombre de la ciudad: Beijing
id de la ciudad: 1816670
https://api.openweathermap.org/data/2.5/weather?lat=39.907501&lon=116.397232&appid=8000de0e0248108140e1bde34fbb45e1&units=metric
fecha y hora del reporte (UTC): 2024-08-14 00:33:55
longitud: 116.3972
latitud: 39.9075
estado del cielo: Clear
descripción del cielo: clear sky
temperatura actual (°C): 27.21
temperatura mínima (°C): 27.21
temperatura máxima (°C): 27.21
presión (hPa): 1011
humedad (%): 66
visibilidad (m): 10000
velocidad del viento (m/s): 1.97
dirección del viento (°): 24
nubes (%): 0
hora del amanecer (UNIX): 1723584317
hora del atardecer (UNIX): 1723633987
zona horaria: 28800
nombre de la ciudad: Beijing
id de la ciudad: 1816670
https://api.openweathermap.org/data/2.5/weather?lat=39.907501&lon=116.397232&appid=8000de0e0248108140e1bde34fbb45e1&units=metric
fecha y hora del reporte (UTC): 2024-08-14 00:33:55
longitud: 116.3972
latitud: 39.9075
estado del cielo: Clear
descripción del cielo: clear sky
temperatura actual (°C): 27.21
temperatura mínima (°C): 27.21
temperatura máxima (°C): 27.21
presión (hPa): 1011
humedad (%): 66
visibilidad (m): 10000
velocidad del viento (m/s): 1.97
dirección del viento (°): 24
nubes (%): 0
hora del amanecer (UNIX): 1723584317
hora del atardecer (UNIX): 1723633987
zona horaria: 28800
nombre de la ciudad: Beijing
id de la ciudad: 1816670
https://api.openweathermap.org/data/2.5/weather?lat=39.907501&lon=116.397232&appid=8000de0e0248108140e1bde34fbb45e1&units=metric
fecha y hora del reporte (UTC): 2024-08-14 00:45:01
longitud: 116.3972
latitud: 39.9075
estado del cielo: Clear
descripción del cielo: clear sky
temperatura actual (°C): 27.21
temperatura mínima (°C): 27.21
temperatura máxima (°C): 27.21
presión (hPa): 1011
humedad (%): 66
visibilidad (m): 10000
velocidad del viento (m/s): 1.97
dirección del viento (°): 24
nubes (%): 0
hora del amanecer (UNIX): 1723584317
hora del atardecer (UNIX): 1723633987
zona horaria: 28800
nombre de la ciudad: Beijing
id de la ciudad: 1816670
https://api.openweathermap.org/data/2.5/weather?lat=39.907501&lon=116.397232&appid=8000de0e0248108140e1bde34fbb45e1&units=metric
fecha y hora del reporte (UTC): 2024-08-14 00:45:01
longitud: 116.3972
latitud: 39.9075
estado del cielo: Clear
descripción del cielo: clear sky
temperatura actual (°C): 27.21
temperatura mínima (°C): 27.21
temperatura máxima (°C): 27.21
presión (hPa): 1011
humedad (%): 66
visibilidad (m): 10000
velocidad del viento (m/s): 1.97
dirección del viento (°): 24
nubes (%): 0
hora del amanecer (UNIX): 1723584317
hora del atardecer (UNIX): 1723633987
zona horaria: 28800
nombre de la ciudad: Beijing
id de la ciudad: 1816670
https://api.openweathermap.org/data/2.5/weather?lat=39.907501&lon=116.397232&appid=8000de0e0248108140e1bde34fbb45e1&units=metric
fecha y hora del reporte (UTC): 2024-08-14 00:45:01
longitud: 116.3972
latitud: 39.9075
estado del cielo: Clear
descripción del cielo: clear sky
temperatura actual (°C): 27.21
temperatura mínima (°C): 27.21
temperatura máxima (°C): 27.21
presión (hPa): 1011
humedad (%): 66
visibilidad (m): 10000
velocidad del viento (m/s): 1.97
dirección del viento (°): 24
nubes (%): 0
hora del amanecer (UNIX): 1723584317
hora del atardecer (UNIX): 1723633987
zona horaria: 28800
nombre de la ciudad: Beijing
id de la ciudad: 1816670
https://api.openweathermap.org/data/2.5/weather?lat=39.907501&lon=116.397232&appid=8000de0e0248108140e1bde34fbb45e1&units=metric
fecha y hora del reporte (UTC): 2024-08-14 00:45:01
longitud: 116.3972
latitud: 39.9075
estado del cielo: Clear
descripción del cielo: clear sky
temperatura actual (°C): 27.21
temperatura mínima (°C): 27.21
temperatura máxima (°C): 27.21
presión (hPa): 1011
humedad (%): 66
visibilidad (m): 10000
velocidad del viento (m/s): 1.97
dirección del viento (°): 24
nubes (%): 0
hora del amanecer (UNIX): 1723584317
hora del atardecer (UNIX): 1723633987
zona horaria: 28800
nombre de la ciudad: Beijing
id de la ciudad: 1816670
https://api.openweathermap.org/data/2.5/weather?lat=39.907501&lon=116.397232&appid=8000de0e0248108140e1bde34fbb45e1&units=metric
fecha y hora del reporte (UTC): 2024-08-14 00:45:01
longitud: 116.3972
latitud: 39.9075
estado del cielo: Clear
descripción del cielo: clear sky
temperatura actual (°C): 27.21
temperatura mínima (°C): 27.21
temperatura máxima (°C): 27.21
presión (hPa): 1011
humedad (%): 66
visibilidad (m): 10000
velocidad del viento (m/s): 1.97
dirección del viento (°): 24
nubes (%): 0
hora del amanecer (UNIX): 1723584317
hora del atardecer (UNIX): 1723633987
zona horaria: 28800
nombre de la ciudad: Beijing
id de la ciudad: 1816670
https://api.openweathermap.org/data/2.5/weather?lat=39.907501&lon=116.397232&appid=8000de0e0248108140e1bde34fbb45e1&units=metric
fecha y hora del reporte (UTC): 2024-08-14 00:59:18
longitud: 116.3972
latitud: 39.9075
estado del cielo: Clear
descripción del cielo: clear sky
temperatura actual (°C): 27.21
temperatura mínima (°C): 27.21
temperatura máxima (°C): 27.21
presión (hPa): 1011
humedad (%): 66
visibilidad (m): 10000
velocidad del viento (m/s): 1.97
dirección del viento (°): 24
nubes (%): 0
hora del amanecer (UNIX): 1723584317
hora del atardecer (UNIX): 1723633987
zona horaria: 28800
nombre de la ciudad: Beijing
id de la ciudad: 1816670
https://api.openweathermap.org/data/2.5/weather?lat=39.907501&lon=116.397232&appid=8000de0e0248108140e1bde34fbb45e1&units=metric
fecha y hora del reporte (UTC): 2024-08-14 00:59:18
longitud: 116.3972
latitud: 39.9075
estado del cielo: Clear
descripción del cielo: clear sky
temperatura actual (°C): 27.21
temperatura mínima (°C): 27.21
temperatura máxima (°C): 27.21
presión (hPa): 1011
humedad (%): 66
visibilidad (m): 10000
velocidad del viento (m/s): 1.97
dirección del viento (°): 24
nubes (%): 0
hora del amanecer (UNIX): 1723584317
hora del atardecer (UNIX): 1723633987
zona horaria: 28800
nombre de la ciudad: Beijing
id de la ciudad: 1816670
https://api.openweathermap.org/data/2.5/weather?lat=39.907501&lon=116.397232&appid=8000de0e0248108140e1bde34fbb45e1&units=metric
fecha y hora del reporte (UTC): 2024-08-14 00:59:18
longitud: 116.3972
latitud: 39.9075
estado del cielo: Clear
descripción del cielo: clear sky
temperatura actual (°C): 27.21
temperatura mínima (°C): 27.21
temperatura máxima (°C): 27.21
presión (hPa): 1011
humedad (%): 66
visibilidad (m): 10000
velocidad del viento (m/s): 1.97
dirección del viento (°): 24
nubes (%): 0
hora del amanecer (UNIX): 1723584317
hora del atardecer (UNIX): 1723633987
zona horaria: 28800
nombre de la ciudad: Beijing
id de la ciudad: 1816670
https://api.openweathermap.org/data/2.5/weather?lat=39.907501&lon=116.397232&appid=8000de0e0248108140e1bde34fbb45e1&units=metric
fecha y hora del reporte (UTC): 2024-08-14 00:59:18
longitud: 116.3972
latitud: 39.9075
estado del cielo: Clear
descripción del cielo: clear sky
temperatura actual (°C): 27.21
temperatura mínima (°C): 27.21
temperatura máxima (°C): 27.21
presión (hPa): 1011
humedad (%): 66
visibilidad (m): 10000
velocidad del viento (m/s): 1.97
dirección del viento (°): 24
nubes (%): 0
hora del amanecer (UNIX): 1723584317
hora del atardecer (UNIX): 1723633987
zona horaria: 28800
nombre de la ciudad: Beijing
id de la ciudad: 1816670
https://api.openweathermap.org/data/2.5/weather?lat=39.907501&lon=116.397232&appid=8000de0e0248108140e1bde34fbb45e1&units=metric
fecha y hora del reporte (UTC): 2024-08-14 00:59:18
longitud: 116.3972
latitud: 39.9075
estado del cielo: Clear
descripción del cielo: clear sky
temperatura actual (°C): 27.21
temperatura mínima (°C): 27.21
temperatura máxima (°C): 27.21
presión (hPa): 1011
humedad (%): 66
visibilidad (m): 10000
velocidad del viento (m/s): 1.97
dirección del viento (°): 24
nubes (%): 0
hora del amanecer (UNIX): 1723584317
hora del atardecer (UNIX): 1723633987
zona horaria: 28800
nombre de la ciudad: Beijing
id de la ciudad: 1816670
https://api.openweathermap.org/data/2.5/weather?lat=39.907501&lon=116.397232&appid=8000de0e0248108140e1bde34fbb45e1&units=metric
fecha y hora del reporte (UTC): 2024-08-14 00:59:18
longitud: 116.3972
latitud: 39.9075
estado del cielo: Clear
descripción del cielo: clear sky
temperatura actual (°C): 27.21
temperatura mínima (°C): 27.21
temperatura máxima (°C): 27.21
presión (hPa): 1011
humedad (%): 66
visibilidad (m): 10000
velocidad del viento (m/s): 1.97
dirección del viento (°): 24
nubes (%): 0
hora del amanecer (UNIX): 1723584317
hora del atardecer (UNIX): 1723633987
zona horaria: 28800
nombre de la ciudad: Beijing
id de la ciudad: 1816670
https://api.openweathermap.org/data/2.5/weather?lat=39.907501&lon=116.397232&appid=8000de0e0248108140e1bde34fbb45e1&units=metric
fecha y hora del reporte (UTC): 2024-08-14 01:05:01
longitud: 116.3972
latitud: 39.9075
estado del cielo: Clear
descripción del cielo: clear sky
temperatura actual (°C): 27.21
temperatura mínima (°C): 27.21
temperatura máxima (°C): 27.21
presión (hPa): 1011
humedad (%): 66
visibilidad (m): 10000
velocidad del viento (m/s): 1.97
dirección del viento (°): 24
nubes (%): 0
hora del amanecer (UNIX): 1723584317
hora del atardecer (UNIX): 1723633987
zona horaria: 28800
nombre de la ciudad: Beijing
id de la ciudad: 1816670
https://api.openweathermap.org/data/2.5/weather?lat=39.907501&lon=116.397232&appid=8000de0e0248108140e1bde34fbb45e1&units=metric
fecha y hora del reporte (UTC): 2024-08-14 01:05:01
longitud: 116.3972
latitud: 39.9075
estado del cielo: Clear
descripción del cielo: clear sky
temperatura actual (°C): 27.21
temperatura mínima (°C): 27.21
temperatura máxima (°C): 27.21
presión (hPa): 1011
humedad (%): 66
visibilidad (m): 10000
velocidad del viento (m/s): 1.97
dirección del viento (°): 24
nubes (%): 0
hora del amanecer (UNIX): 1723584317
hora del atardecer (UNIX): 1723633987
zona horaria: 28800
nombre de la ciudad: Beijing
id de la ciudad: 1816670
https://api.openweathermap.org/data/2.5/weather?lat=39.907501&lon=116.397232&appid=8000de0e0248108140e1bde34fbb45e1&units=metric
fecha y hora del reporte (UTC): 2024-08-14 01:05:01
longitud: 116.3972
latitud: 39.9075
estado del cielo: Clear
descripción del cielo: clear sky
temperatura actual (°C): 27.21
temperatura mínima (°C): 27.21
temperatura máxima (°C): 27.21
presión (hPa): 1011
humedad (%): 66
visibilidad (m): 10000
velocidad del viento (m/s): 1.97
dirección del viento (°): 24
nubes (%): 0
hora del amanecer (UNIX): 1723584317
hora del atardecer (UNIX): 1723633987
zona horaria: 28800
nombre de la ciudad: Beijing
id de la ciudad: 1816670
https://api.openweathermap.org/data/2.5/weather?lat=39.907501&lon=116.397232&appid=8000de0e0248108140e1bde34fbb45e1&units=metric
fecha y hora del reporte (UTC): 2024-08-14 01:05:01
longitud: 116.3972
latitud: 39.9075
estado del cielo: Clear
descripción del cielo: clear sky
temperatura actual (°C): 27.21
temperatura mínima (°C): 27.21
temperatura máxima (°C): 27.21
presión (hPa): 1011
humedad (%): 66
visibilidad (m): 10000
velocidad del viento (m/s): 1.97
dirección del viento (°): 24
nubes (%): 0
hora del amanecer (UNIX): 1723584317
hora del atardecer (UNIX): 1723633987
zona horaria: 28800
nombre de la ciudad: Beijing
id de la ciudad: 1816670
https://api.openweathermap.org/data/2.5/weather?lat=39.907501&lon=116.397232&appid=8000de0e0248108140e1bde34fbb45e1&units=metric
fecha y hora del reporte (UTC): 2024-08-14 01:10:19
longitud: 116.3972
latitud: 39.9075
estado del cielo: Clear
descripción del cielo: clear sky
temperatura actual (°C): 27.21
temperatura mínima (°C): 27.21
temperatura máxima (°C): 27.21
presión (hPa): 1011
humedad (%): 66
visibilidad (m): 10000
velocidad del viento (m/s): 1.97
dirección del viento (°): 24
nubes (%): 0
hora del amanecer (UNIX): 1723584317
hora del atardecer (UNIX): 1723633987
zona horaria: 28800
nombre de la ciudad: Beijing
id de la ciudad: 1816670
https://api.openweathermap.org/data/2.5/weather?lat=39.907501&lon=116.397232&appid=8000de0e0248108140e1bde34fbb45e1&units=metric
fecha y hora del reporte (UTC): 2024-08-14 01:05:01
longitud: 116.3972
latitud: 39.9075
estado del cielo: Clear
descripción del cielo: clear sky
temperatura actual (°C): 27.21
temperatura mínima (°C): 27.21
temperatura máxima (°C): 27.21
presión (hPa): 1011
humedad (%): 66
visibilidad (m): 10000
velocidad del viento (m/s): 1.97
dirección del viento (°): 24
nubes (%): 0
hora del amanecer (UNIX): 1723584317
hora del atardecer (UNIX): 1723633987
zona horaria: 28800
nombre de la ciudad: Beijing
id de la ciudad: 1816670
https://api.openweathermap.org/data/2.5/weather?lat=39.907501&lon=116.397232&appid=8000de0e0248108140e1bde34fbb45e1&units=metric
fecha y hora del reporte (UTC): 2024-08-14 01:05:01
longitud: 116.3972
latitud: 39.9075
estado del cielo: Clear
descripción del cielo: clear sky
temperatura actual (°C): 27.21
temperatura mínima (°C): 27.21
temperatura máxima (°C): 27.21
presión (hPa): 1011
humedad (%): 66
visibilidad (m): 10000
velocidad del viento (m/s): 1.97
dirección del viento (°): 24
nubes (%): 0
hora del amanecer (UNIX): 1723584317
hora del atardecer (UNIX): 1723633987
zona horaria: 28800
nombre de la ciudad: Beijing
id de la ciudad: 1816670
https://api.openweathermap.org/data/2.5/weather?lat=39.907501&lon=116.397232&appid=8000de0e0248108140e1bde34fbb45e1&units=metric
fecha y hora del reporte (UTC): 2024-08-14 01:05:01
longitud: 116.3972
latitud: 39.9075
estado del cielo: Clear
descripción del cielo: clear sky
temperatura actual (°C): 27.21
temperatura mínima (°C): 27.21
temperatura máxima (°C): 27.21
presión (hPa): 1011
humedad (%): 66
visibilidad (m): 10000
velocidad del viento (m/s): 1.97
dirección del viento (°): 24
nubes (%): 0
hora del amanecer (UNIX): 1723584317
hora del atardecer (UNIX): 1723633987
zona horaria: 28800
nombre de la ciudad: Beijing
id de la ciudad: 1816670
https://api.openweathermap.org/data/2.5/weather?lat=39.907501&lon=116.397232&appid=8000de0e0248108140e1bde34fbb45e1&units=metric
fecha y hora del reporte (UTC): 2024-08-14 01:05:01
longitud: 116.3972
latitud: 39.9075
estado del cielo: Clear
descripción del cielo: clear sky
temperatura actual (°C): 27.21
temperatura mínima (°C): 27.21
temperatura máxima (°C): 27.21
presión (hPa): 1011
humedad (%): 66
visibilidad (m): 10000
velocidad del viento (m/s): 1.97
dirección del viento (°): 24
nubes (%): 0
hora del amanecer (UNIX): 1723584317
hora del atardecer (UNIX): 1723633987
zona horaria: 28800
nombre de la ciudad: Beijing
id de la ciudad: 1816670
https://api.openweathermap.org/data/2.5/weather?lat=39.907501&lon=116.397232&appid=8000de0e0248108140e1bde34fbb45e1&units=metric
fecha y hora del reporte (UTC): 2024-08-14 01:05:01
longitud: 116.3972
latitud: 39.9075
estado del cielo: Clear
descripción del cielo: clear sky
temperatura actual (°C): 27.21
temperatura mínima (°C): 27.21
temperatura máxima (°C): 27.21
presión (hPa): 1011
humedad (%): 66
visibilidad (m): 10000
velocidad del viento (m/s): 1.97
dirección del viento (°): 24
nubes (%): 0
hora del amanecer (UNIX): 1723584317
hora del atardecer (UNIX): 1723633987
zona horaria: 28800
nombre de la ciudad: Beijing
id de la ciudad: 1816670
https://api.openweathermap.org/data/2.5/weather?lat=39.907501&lon=116.397232&appid=8000de0e0248108140e1bde34fbb45e1&units=metric
fecha y hora del reporte (UTC): 2024-08-14 01:05:01
longitud: 116.3972
latitud: 39.9075
estado del cielo: Clear
descripción del cielo: clear sky
temperatura actual (°C): 27.21
temperatura mínima (°C): 27.21
temperatura máxima (°C): 27.21
presión (hPa): 1011
humedad (%): 66
visibilidad (m): 10000
velocidad del viento (m/s): 1.97
dirección del viento (°): 24
nubes (%): 0
hora del amanecer (UNIX): 1723584317
hora del atardecer (UNIX): 1723633987
zona horaria: 28800
nombre de la ciudad: Beijing
id de la ciudad: 1816670
https://api.openweathermap.org/data/2.5/weather?lat=39.907501&lon=116.397232&appid=8000de0e0248108140e1bde34fbb45e1&units=metric
fecha y hora del reporte (UTC): 2024-08-14 01:05:01
longitud: 116.3972
latitud: 39.9075
estado del cielo: Clear
descripción del cielo: clear sky
temperatura actual (°C): 27.21
temperatura mínima (°C): 27.21
temperatura máxima (°C): 27.21
presión (hPa): 1011
humedad (%): 66
visibilidad (m): 10000
velocidad del viento (m/s): 1.97
dirección del viento (°): 24
nubes (%): 0
hora del amanecer (UNIX): 1723584317
hora del atardecer (UNIX): 1723633987
zona horaria: 28800
nombre de la ciudad: Beijing
id de la ciudad: 1816670
https://api.openweathermap.org/data/2.5/weather?lat=39.907501&lon=116.397232&appid=8000de0e0248108140e1bde34fbb45e1&units=metric
fecha y hora del reporte (UTC): 2024-08-14 01:05:01
longitud: 116.3972
latitud: 39.9075
estado del cielo: Clear
descripción del cielo: clear sky
temperatura actual (°C): 27.21
temperatura mínima (°C): 27.21
temperatura máxima (°C): 27.21
presión (hPa): 1011
humedad (%): 66
visibilidad (m): 10000
velocidad del viento (m/s): 1.97
dirección del viento (°): 24
nubes (%): 0
hora del amanecer (UNIX): 1723584317
hora del atardecer (UNIX): 1723633987
zona horaria: 28800
nombre de la ciudad: Beijing
id de la ciudad: 1816670
https://api.openweathermap.org/data/2.5/weather?lat=39.907501&lon=116.397232&appid=8000de0e0248108140e1bde34fbb45e1&units=metric
fecha y hora del reporte (UTC): 2024-08-14 01:05:01
longitud: 116.3972
latitud: 39.9075
estado del cielo: Clear
descripción del cielo: clear sky
temperatura actual (°C): 27.21
temperatura mínima (°C): 27.21
temperatura máxima (°C): 27.21
presión (hPa): 1011
humedad (%): 66
visibilidad (m): 10000
velocidad del viento (m/s): 1.97
dirección del viento (°): 24
nubes (%): 0
hora del amanecer (UNIX): 1723584317
hora del atardecer (UNIX): 1723633987
zona horaria: 28800
nombre de la ciudad: Beijing
id de la ciudad: 1816670
https://api.openweathermap.org/data/2.5/weather?lat=39.907501&lon=116.397232&appid=8000de0e0248108140e1bde34fbb45e1&units=metric
fecha y hora del reporte (UTC): 2024-08-14 01:20:02
longitud: 116.3972
latitud: 39.9075
estado del cielo: Clear
descripción del cielo: clear sky
temperatura actual (°C): 27.21
temperatura mínima (°C): 27.21
temperatura máxima (°C): 27.21
presión (hPa): 1011
humedad (%): 66
visibilidad (m): 10000
velocidad del viento (m/s): 1.97
dirección del viento (°): 24
nubes (%): 0
hora del amanecer (UNIX): 1723584317
hora del atardecer (UNIX): 1723633987
zona horaria: 28800
nombre de la ciudad: Beijing
id de la ciudad: 1816670
https://api.openweathermap.org/data/2.5/weather?lat=39.907501&lon=116.397232&appid=8000de0e0248108140e1bde34fbb45e1&units=metric
fecha y hora del reporte (UTC): 2024-08-14 01:20:02
longitud: 116.3972
latitud: 39.9075
estado del cielo: Clear
descripción del cielo: clear sky
temperatura actual (°C): 27.21
temperatura mínima (°C): 27.21
temperatura máxima (°C): 27.21
presión (hPa): 1011
humedad (%): 66
visibilidad (m): 10000
velocidad del viento (m/s): 1.97
dirección del viento (°): 24
nubes (%): 0
hora del amanecer (UNIX): 1723584317
hora del atardecer (UNIX): 1723633987
zona horaria: 28800
nombre de la ciudad: Beijing
id de la ciudad: 1816670
https://api.openweathermap.org/data/2.5/weather?lat=39.907501&lon=116.397232&appid=8000de0e0248108140e1bde34fbb45e1&units=metric
fecha y hora del reporte (UTC): 2024-08-14 01:20:02
longitud: 116.3972
latitud: 39.9075
estado del cielo: Clear
descripción del cielo: clear sky
temperatura actual (°C): 27.21
temperatura mínima (°C): 27.21
temperatura máxima (°C): 27.21
presión (hPa): 1011
humedad (%): 66
visibilidad (m): 10000
velocidad del viento (m/s): 1.97
dirección del viento (°): 24
nubes (%): 0
hora del amanecer (UNIX): 1723584317
hora del atardecer (UNIX): 1723633987
zona horaria: 28800
nombre de la ciudad: Beijing
id de la ciudad: 1816670
https://api.openweathermap.org/data/2.5/weather?lat=39.907501&lon=116.397232&appid=8000de0e0248108140e1bde34fbb45e1&units=metric
fecha y hora del reporte (UTC): 2024-08-14 01:10:19
longitud: 116.3972
latitud: 39.9075
estado del cielo: Clear
descripción del cielo: clear sky
temperatura actual (°C): 27.21
temperatura mínima (°C): 27.21
temperatura máxima (°C): 27.21
presión (hPa): 1011
humedad (%): 66
visibilidad (m): 10000
velocidad del viento (m/s): 1.97
dirección del viento (°): 24
nubes (%): 0
hora del amanecer (UNIX): 1723584317
hora del atardecer (UNIX): 1723633987
zona horaria: 28800
nombre de la ciudad: Beijing
id de la ciudad: 1816670
https://api.openweathermap.org/data/2.5/weather?lat=39.907501&lon=116.397232&appid=8000de0e0248108140e1bde34fbb45e1&units=metric
fecha y hora del reporte (UTC): 2024-08-14 01:20:01
longitud: 116.3972
latitud: 39.9075
estado del cielo: Clear
descripción del cielo: clear sky
temperatura actual (°C): 27.21
temperatura mínima (°C): 27.21
temperatura máxima (°C): 27.21
presión (hPa): 1011
humedad (%): 66
visibilidad (m): 10000
velocidad del viento (m/s): 1.97
dirección del viento (°): 24
nubes (%): 0
hora del amanecer (UNIX): 1723584317
hora del atardecer (UNIX): 1723633987
zona horaria: 28800
nombre de la ciudad: Beijing
id de la ciudad: 1816670
https://api.openweathermap.org/data/2.5/weather?lat=39.907501&lon=116.397232&appid=8000de0e0248108140e1bde34fbb45e1&units=metric
fecha y hora del reporte (UTC): 2024-08-14 01:20:01
longitud: 116.3972
latitud: 39.9075
estado del cielo: Clear
descripción del cielo: clear sky
temperatura actual (°C): 27.21
temperatura mínima (°C): 27.21
temperatura máxima (°C): 27.21
presión (hPa): 1011
humedad (%): 66
visibilidad (m): 10000
velocidad del viento (m/s): 1.97
dirección del viento (°): 24
nubes (%): 0
hora del amanecer (UNIX): 1723584317
hora del atardecer (UNIX): 1723633987
zona horaria: 28800
nombre de la ciudad: Beijing
id de la ciudad: 1816670
https://api.openweathermap.org/data/2.5/weather?lat=39.907501&lon=116.397232&appid=8000de0e0248108140e1bde34fbb45e1&units=metric
fecha y hora del reporte (UTC): 2024-08-14 01:35:53
longitud: 116.3972
latitud: 39.9075
estado del cielo: Clear
descripción del cielo: clear sky
temperatura actual (°C): 28.84
temperatura mínima (°C): 28.84
temperatura máxima (°C): 28.84
presión (hPa): 1011
humedad (%): 58
visibilidad (m): 10000
velocidad del viento (m/s): 1.86
dirección del viento (°): 42
nubes (%): 0
hora del amanecer (UNIX): 1723584317
hora del atardecer (UNIX): 1723633987
zona horaria: 28800
nombre de la ciudad: Beijing
id de la ciudad: 1816670
https://api.openweathermap.org/data/2.5/weather?lat=39.907501&lon=116.397232&appid=8000de0e0248108140e1bde34fbb45e1&units=metric
fecha y hora del reporte (UTC): 2024-08-14 01:35:53
longitud: 116.3972
latitud: 39.9075
estado del cielo: Clear
descripción del cielo: clear sky
temperatura actual (°C): 28.84
temperatura mínima (°C): 28.84
temperatura máxima (°C): 28.84
presión (hPa): 1011
humedad (%): 58
visibilidad (m): 10000
velocidad del viento (m/s): 1.86
dirección del viento (°): 42
nubes (%): 0
hora del amanecer (UNIX): 1723584317
hora del atardecer (UNIX): 1723633987
zona horaria: 28800
nombre de la ciudad: Beijing
id de la ciudad: 1816670
https://api.openweathermap.org/data/2.5/weather?lat=39.907501&lon=116.397232&appid=8000de0e0248108140e1bde34fbb45e1&units=metric
fecha y hora del reporte (UTC): 2024-08-14 01:40:02
longitud: 116.3972
latitud: 39.9075
estado del cielo: Clear
descripción del cielo: clear sky
temperatura actual (°C): 28.84
temperatura mínima (°C): 28.84
temperatura máxima (°C): 28.84
presión (hPa): 1011
humedad (%): 58
visibilidad (m): 10000
velocidad del viento (m/s): 1.86
dirección del viento (°): 42
nubes (%): 0
hora del amanecer (UNIX): 1723584317
hora del atardecer (UNIX): 1723633987
zona horaria: 28800
nombre de la ciudad: Beijing
id de la ciudad: 1816670
https://api.openweathermap.org/data/2.5/weather?lat=39.907501&lon=116.397232&appid=8000de0e0248108140e1bde34fbb45e1&units=metric
fecha y hora del reporte (UTC): 2024-08-14 01:40:02
longitud: 116.3972
latitud: 39.9075
estado del cielo: Clear
descripción del cielo: clear sky
temperatura actual (°C): 28.84
temperatura mínima (°C): 28.84
temperatura máxima (°C): 28.84
presión (hPa): 1011
humedad (%): 58
visibilidad (m): 10000
velocidad del viento (m/s): 1.86
dirección del viento (°): 42
nubes (%): 0
hora del amanecer (UNIX): 1723584317
hora del atardecer (UNIX): 1723633987
zona horaria: 28800
nombre de la ciudad: Beijing
id de la ciudad: 1816670
https://api.openweathermap.org/data/2.5/weather?lat=39.907501&lon=116.397232&appid=8000de0e0248108140e1bde34fbb45e1&units=metric
fecha y hora del reporte (UTC): 2024-08-14 01:40:02
longitud: 116.3972
latitud: 39.9075
estado del cielo: Clear
descripción del cielo: clear sky
temperatura actual (°C): 28.84
temperatura mínima (°C): 28.84
temperatura máxima (°C): 28.84
presión (hPa): 1011
humedad (%): 58
visibilidad (m): 10000
velocidad del viento (m/s): 1.86
dirección del viento (°): 42
nubes (%): 0
hora del amanecer (UNIX): 1723584317
hora del atardecer (UNIX): 1723633987
zona horaria: 28800
nombre de la ciudad: Beijing
id de la ciudad: 1816670
https://api.openweathermap.org/data/2.5/weather?lat=39.907501&lon=116.397232&appid=8000de0e0248108140e1bde34fbb45e1&units=metric
fecha y hora del reporte (UTC): 2024-08-14 01:58:23
longitud: 116.3972
latitud: 39.9075
estado del cielo: Clear
descripción del cielo: clear sky
temperatura actual (°C): 28.84
temperatura mínima (°C): 28.84
temperatura máxima (°C): 28.84
presión (hPa): 1011
humedad (%): 58
visibilidad (m): 10000
velocidad del viento (m/s): 1.86
dirección del viento (°): 42
nubes (%): 0
hora del amanecer (UNIX): 1723584317
hora del atardecer (UNIX): 1723633987
zona horaria: 28800
nombre de la ciudad: Beijing
id de la ciudad: 1816670
https://api.openweathermap.org/data/2.5/weather?lat=39.907501&lon=116.397232&appid=8000de0e0248108140e1bde34fbb45e1&units=metric
fecha y hora del reporte (UTC): 2024-08-14 01:54:28
longitud: 116.3975
latitud: 39.9078
estado del cielo: Clear
descripción del cielo: clear sky
temperatura actual (°C): 28.84
temperatura mínima (°C): 28.84
temperatura máxima (°C): 28.84
presión (hPa): 1011
humedad (%): 58
visibilidad (m): 10000
velocidad del viento (m/s): 1.86
dirección del viento (°): 42
nubes (%): 0
hora del amanecer (UNIX): 1723584317
hora del atardecer (UNIX): 1723633987
zona horaria: 28800
nombre de la ciudad: Beijing
id de la ciudad: 1816670
https://api.openweathermap.org/data/2.5/weather?lat=39.907501&lon=116.397232&appid=8000de0e0248108140e1bde34fbb45e1&units=metric
fecha y hora del reporte (UTC): 2024-08-14 01:54:28
longitud: 116.3975
latitud: 39.9078
estado del cielo: Clear
descripción del cielo: clear sky
temperatura actual (°C): 28.84
temperatura mínima (°C): 28.84
temperatura máxima (°C): 28.84
presión (hPa): 1011
humedad (%): 58
visibilidad (m): 10000
velocidad del viento (m/s): 1.86
dirección del viento (°): 42
nubes (%): 0
hora del amanecer (UNIX): 1723584317
hora del atardecer (UNIX): 1723633987
zona horaria: 28800
nombre de la ciudad: Beijing
id de la ciudad: 1816670
https://api.openweathermap.org/data/2.5/weather?lat=39.907501&lon=116.397232&appid=8000de0e0248108140e1bde34fbb45e1&units=metric
fecha y hora del reporte (UTC): 2024-08-14 02:01:17
longitud: 116.3972
latitud: 39.9075
estado del cielo: Clear
descripción del cielo: clear sky
temperatura actual (°C): 28.84
temperatura mínima (°C): 28.84
temperatura máxima (°C): 28.84
presión (hPa): 1011
humedad (%): 58
visibilidad (m): 10000
velocidad del viento (m/s): 1.86
dirección del viento (°): 42
nubes (%): 0
hora del amanecer (UNIX): 1723584317
hora del atardecer (UNIX): 1723633987
zona horaria: 28800
nombre de la ciudad: Beijing
id de la ciudad: 1816670
https://api.openweathermap.org/data/2.5/weather?lat=39.907501&lon=116.397232&appid=8000de0e0248108140e1bde34fbb45e1&units=metric
fecha y hora del reporte (UTC): 2024-08-14 02:14:59
longitud: 116.3972
latitud: 39.9075
estado del cielo: Clear
descripción del cielo: clear sky
temperatura actual (°C): 28.84
temperatura mínima (°C): 28.84
temperatura máxima (°C): 28.84
presión (hPa): 1011
humedad (%): 58
visibilidad (m): 10000
velocidad del viento (m/s): 1.86
dirección del viento (°): 42
nubes (%): 0
hora del amanecer (UNIX): 1723584317
hora del atardecer (UNIX): 1723633987
zona horaria: 28800
nombre de la ciudad: Beijing
id de la ciudad: 1816670
https://api.openweathermap.org/data/2.5/weather?lat=39.907501&lon=116.397232&appid=8000de0e0248108140e1bde34fbb45e1&units=metric
fecha y hora del reporte (UTC): 2024-08-14 02:15:00
longitud: 116.3972
latitud: 39.9075
estado del cielo: Clear
descripción del cielo: clear sky
temperatura actual (°C): 28.84
temperatura mínima (°C): 28.84
temperatura máxima (°C): 28.84
presión (hPa): 1011
humedad (%): 58
visibilidad (m): 10000
velocidad del viento (m/s): 1.86
dirección del viento (°): 42
nubes (%): 0
hora del amanecer (UNIX): 1723584317
hora del atardecer (UNIX): 1723633987
zona horaria: 28800
nombre de la ciudad: Beijing
id de la ciudad: 1816670
https://api.openweathermap.org/data/2.5/weather?lat=39.907501&lon=116.397232&appid=8000de0e0248108140e1bde34fbb45e1&units=metric
fecha y hora del reporte (UTC): 2024-08-14 02:30:00
longitud: 116.3972
latitud: 39.9075
estado del cielo: Clear
descripción del cielo: clear sky
temperatura actual (°C): 29.74
temperatura mínima (°C): 29.74
temperatura máxima (°C): 29.74
presión (hPa): 1011
humedad (%): 55
visibilidad (m): 10000
velocidad del viento (m/s): 2.08
dirección del viento (°): 75
nubes (%): 0
hora del amanecer (UNIX): 1723584317
hora del atardecer (UNIX): 1723633987
zona horaria: 28800
nombre de la ciudad: Beijing
id de la ciudad: 1816670
https://api.openweathermap.org/data/2.5/weather?lat=39.907501&lon=116.397232&appid=8000de0e0248108140e1bde34fbb45e1&units=metric
fecha y hora del reporte (UTC): 2024-08-14 02:37:29
longitud: 116.3972
latitud: 39.9075
estado del cielo: Clear
descripción del cielo: clear sky
temperatura actual (°C): 29.74
temperatura mínima (°C): 29.74
temperatura máxima (°C): 29.74
presión (hPa): 1011
humedad (%): 55
visibilidad (m): 10000
velocidad del viento (m/s): 2.08
dirección del viento (°): 75
nubes (%): 0
hora del amanecer (UNIX): 1723584317
hora del atardecer (UNIX): 1723633987
zona horaria: 28800
nombre de la ciudad: Beijing
id de la ciudad: 1816670
https://api.openweathermap.org/data/2.5/weather?lat=39.907501&lon=116.397232&appid=8000de0e0248108140e1bde34fbb45e1&units=metric
fecha y hora del reporte (UTC): 2024-08-14 02:37:29
longitud: 116.3972
latitud: 39.9075
estado del cielo: Clear
descripción del cielo: clear sky
temperatura actual (°C): 29.74
temperatura mínima (°C): 29.74
temperatura máxima (°C): 29.74
presión (hPa): 1011
humedad (%): 55
visibilidad (m): 10000
velocidad del viento (m/s): 2.08
dirección del viento (°): 75
nubes (%): 0
hora del amanecer (UNIX): 1723584317
hora del atardecer (UNIX): 1723633987
zona horaria: 28800
nombre de la ciudad: Beijing
id de la ciudad: 1816670
https://api.openweathermap.org/data/2.5/weather?lat=39.907501&lon=116.397232&appid=8000de0e0248108140e1bde34fbb45e1&units=metric
fecha y hora del reporte (UTC): 2024-08-14 02:37:29
longitud: 116.3972
latitud: 39.9075
estado del cielo: Clear
descripción del cielo: clear sky
temperatura actual (°C): 29.74
temperatura mínima (°C): 29.74
temperatura máxima (°C): 29.74
presión (hPa): 1011
humedad (%): 55
visibilidad (m): 10000
velocidad del viento (m/s): 2.08
dirección del viento (°): 75
nubes (%): 0
hora del amanecer (UNIX): 1723584317
hora del atardecer (UNIX): 1723633987
zona horaria: 28800
nombre de la ciudad: Beijing
id de la ciudad: 1816670
https://api.openweathermap.org/data/2.5/weather?lat=39.907501&lon=116.397232&appid=8000de0e0248108140e1bde34fbb45e1&units=metric
fecha y hora del reporte (UTC): 2024-08-14 02:37:29
longitud: 116.3972
latitud: 39.9075
estado del cielo: Clear
descripción del cielo: clear sky
temperatura actual (°C): 29.74
temperatura mínima (°C): 29.74
temperatura máxima (°C): 29.74
presión (hPa): 1011
humedad (%): 55
visibilidad (m): 10000
velocidad del viento (m/s): 2.08
dirección del viento (°): 75
nubes (%): 0
hora del amanecer (UNIX): 1723584317
hora del atardecer (UNIX): 1723633987
zona horaria: 28800
nombre de la ciudad: Beijing
id de la ciudad: 1816670
https://api.openweathermap.org/data/2.5/weather?lat=39.907501&lon=116.397232&appid=8000de0e0248108140e1bde34fbb45e1&units=metric
fecha y hora del reporte (UTC): 2024-08-14 02:51:51
longitud: 116.3972
latitud: 39.9075
estado del cielo: Clear
descripción del cielo: clear sky
temperatura actual (°C): 29.74
temperatura mínima (°C): 29.74
temperatura máxima (°C): 29.74
presión (hPa): 1011
humedad (%): 55
visibilidad (m): 10000
velocidad del viento (m/s): 2.08
dirección del viento (°): 75
nubes (%): 0
hora del amanecer (UNIX): 1723584317
hora del atardecer (UNIX): 1723633987
zona horaria: 28800
nombre de la ciudad: Beijing
id de la ciudad: 1816670
https://api.openweathermap.org/data/2.5/weather?lat=39.907501&lon=116.397232&appid=8000de0e0248108140e1bde34fbb45e1&units=metric
fecha y hora del reporte (UTC): 2024-08-14 02:51:51
longitud: 116.3972
latitud: 39.9075
estado del cielo: Clear
descripción del cielo: clear sky
temperatura actual (°C): 29.74
temperatura mínima (°C): 29.74
temperatura máxima (°C): 29.74
presión (hPa): 1011
humedad (%): 55
visibilidad (m): 10000
velocidad del viento (m/s): 2.08
dirección del viento (°): 75
nubes (%): 0
hora del amanecer (UNIX): 1723584317
hora del atardecer (UNIX): 1723633987
zona horaria: 28800
nombre de la ciudad: Beijing
id de la ciudad: 1816670
https://api.openweathermap.org/data/2.5/weather?lat=39.907501&lon=116.397232&appid=8000de0e0248108140e1bde34fbb45e1&units=metric
fecha y hora del reporte (UTC): 2024-08-14 02:51:51
longitud: 116.3972
latitud: 39.9075
estado del cielo: Clear
descripción del cielo: clear sky
temperatura actual (°C): 29.74
temperatura mínima (°C): 29.74
temperatura máxima (°C): 29.74
presión (hPa): 1011
humedad (%): 55
visibilidad (m): 10000
velocidad del viento (m/s): 2.08
dirección del viento (°): 75
nubes (%): 0
hora del amanecer (UNIX): 1723584317
hora del atardecer (UNIX): 1723633987
zona horaria: 28800
nombre de la ciudad: Beijing
id de la ciudad: 1816670
https://api.openweathermap.org/data/2.5/weather?lat=39.907501&lon=116.397232&appid=8000de0e0248108140e1bde34fbb45e1&units=metric
fecha y hora del reporte (UTC): 2024-08-14 03:05:01
longitud: 116.3972
latitud: 39.9075
estado del cielo: Clear
descripción del cielo: clear sky
temperatura actual (°C): 29.74
temperatura mínima (°C): 29.74
temperatura máxima (°C): 29.74
presión (hPa): 1011
humedad (%): 55
visibilidad (m): 10000
velocidad del viento (m/s): 2.08
dirección del viento (°): 75
nubes (%): 0
hora del amanecer (UNIX): 1723584317
hora del atardecer (UNIX): 1723633987
zona horaria: 28800
nombre de la ciudad: Beijing
id de la ciudad: 1816670
https://api.openweathermap.org/data/2.5/weather?lat=39.907501&lon=116.397232&appid=8000de0e0248108140e1bde34fbb45e1&units=metric
fecha y hora del reporte (UTC): 2024-08-14 03:05:01
longitud: 116.3972
latitud: 39.9075
estado del cielo: Clear
descripción del cielo: clear sky
temperatura actual (°C): 29.74
temperatura mínima (°C): 29.74
temperatura máxima (°C): 29.74
presión (hPa): 1011
humedad (%): 55
visibilidad (m): 10000
velocidad del viento (m/s): 2.08
dirección del viento (°): 75
nubes (%): 0
hora del amanecer (UNIX): 1723584317
hora del atardecer (UNIX): 1723633987
zona horaria: 28800
nombre de la ciudad: Beijing
id de la ciudad: 1816670
https://api.openweathermap.org/data/2.5/weather?lat=39.907501&lon=116.397232&appid=8000de0e0248108140e1bde34fbb45e1&units=metric
fecha y hora del reporte (UTC): 2024-08-14 03:23:34
longitud: 116.3972
latitud: 39.9075
estado del cielo: Clear
descripción del cielo: clear sky
temperatura actual (°C): 29.74
temperatura mínima (°C): 29.74
temperatura máxima (°C): 29.74
presión (hPa): 1011
humedad (%): 55
visibilidad (m): 10000
velocidad del viento (m/s): 2.08
dirección del viento (°): 75
nubes (%): 0
hora del amanecer (UNIX): 1723584317
hora del atardecer (UNIX): 1723633987
zona horaria: 28800
nombre de la ciudad: Beijing
id de la ciudad: 1816670
https://api.openweathermap.org/data/2.5/weather?lat=39.907501&lon=116.397232&appid=8000de0e0248108140e1bde34fbb45e1&units=metric
fecha y hora del reporte (UTC): 2024-08-14 03:22:08
longitud: 116.398
latitud: 39.908
estado del cielo: Clear
descripción del cielo: clear sky
temperatura actual (°C): 29.74
temperatura mínima (°C): 29.74
temperatura máxima (°C): 29.74
presión (hPa): 1011
humedad (%): 55
visibilidad (m): 10000
velocidad del viento (m/s): 2.08
dirección del viento (°): 75
nubes (%): 0
hora del amanecer (UNIX): 1723584317
hora del atardecer (UNIX): 1723633987
zona horaria: 28800
nombre de la ciudad: Beijing
id de la ciudad: 1816670
https://api.openweathermap.org/data/2.5/weather?lat=39.907501&lon=116.397232&appid=8000de0e0248108140e1bde34fbb45e1&units=metric
fecha y hora del reporte (UTC): 2024-08-14 03:22:08
longitud: 116.398
latitud: 39.908
estado del cielo: Clear
descripción del cielo: clear sky
temperatura actual (°C): 29.74
temperatura mínima (°C): 29.74
temperatura máxima (°C): 29.74
presión (hPa): 1011
humedad (%): 55
visibilidad (m): 10000
velocidad del viento (m/s): 2.08
dirección del viento (°): 75
nubes (%): 0
hora del amanecer (UNIX): 1723584317
hora del atardecer (UNIX): 1723633987
zona horaria: 28800
nombre de la ciudad: Beijing
id de la ciudad: 1816670
https://api.openweathermap.org/data/2.5/weather?lat=39.907501&lon=116.397232&appid=8000de0e0248108140e1bde34fbb45e1&units=metric
fecha y hora del reporte (UTC): 2024-08-14 03:22:08
longitud: 116.398
latitud: 39.908
estado del cielo: Clear
descripción del cielo: clear sky
temperatura actual (°C): 29.74
temperatura mínima (°C): 29.74
temperatura máxima (°C): 29.74
presión (hPa): 1011
humedad (%): 55
visibilidad (m): 10000
velocidad del viento (m/s): 2.08
dirección del viento (°): 75
nubes (%): 0
hora del amanecer (UNIX): 1723584317
hora del atardecer (UNIX): 1723633987
zona horaria: 28800
nombre de la ciudad: Beijing
id de la ciudad: 1816670
https://api.openweathermap.org/data/2.5/weather?lat=39.907501&lon=116.397232&appid=8000de0e0248108140e1bde34fbb45e1&units=metric
fecha y hora del reporte (UTC): 2024-08-14 03:41:18
longitud: 116.3972
latitud: 39.9075
estado del cielo: Clear
descripción del cielo: clear sky
temperatura actual (°C): 30.58
temperatura mínima (°C): 30.58
temperatura máxima (°C): 30.58
presión (hPa): 1010
humedad (%): 53
visibilidad (m): 10000
velocidad del viento (m/s): 2.04
dirección del viento (°): 99
nubes (%): 0
hora del amanecer (UNIX): 1723584317
hora del atardecer (UNIX): 1723633987
zona horaria: 28800
nombre de la ciudad: Beijing
id de la ciudad: 1816670
https://api.openweathermap.org/data/2.5/weather?lat=39.907501&lon=116.397232&appid=8000de0e0248108140e1bde34fbb45e1&units=metric
fecha y hora del reporte (UTC): 2024-08-14 03:40:41
longitud: 116.3972
latitud: 39.9075
estado del cielo: Clear
descripción del cielo: clear sky
temperatura actual (°C): 30.58
temperatura mínima (°C): 30.58
temperatura máxima (°C): 30.58
presión (hPa): 1010
humedad (%): 53
visibilidad (m): 10000
velocidad del viento (m/s): 2.04
dirección del viento (°): 99
nubes (%): 0
hora del amanecer (UNIX): 1723584317
hora del atardecer (UNIX): 1723633987
zona horaria: 28800
nombre de la ciudad: Beijing
id de la ciudad: 1816670
https://api.openweathermap.org/data/2.5/weather?lat=39.907501&lon=116.397232&appid=8000de0e0248108140e1bde34fbb45e1&units=metric
fecha y hora del reporte (UTC): 2024-08-14 03:40:41
longitud: 116.3972
latitud: 39.9075
estado del cielo: Clear
descripción del cielo: clear sky
temperatura actual (°C): 30.58
temperatura mínima (°C): 30.58
temperatura máxima (°C): 30.58
presión (hPa): 1010
humedad (%): 53
visibilidad (m): 10000
velocidad del viento (m/s): 2.04
dirección del viento (°): 99
nubes (%): 0
hora del amanecer (UNIX): 1723584317
hora del atardecer (UNIX): 1723633987
zona horaria: 28800
nombre de la ciudad: Beijing
id de la ciudad: 1816670
https://api.openweathermap.org/data/2.5/weather?lat=39.907501&lon=116.397232&appid=8000de0e0248108140e1bde34fbb45e1&units=metric
fecha y hora del reporte (UTC): 2024-08-14 03:40:41
longitud: 116.3972
latitud: 39.9075
estado del cielo: Clear
descripción del cielo: clear sky
temperatura actual (°C): 30.58
temperatura mínima (°C): 30.58
temperatura máxima (°C): 30.58
presión (hPa): 1010
humedad (%): 53
visibilidad (m): 10000
velocidad del viento (m/s): 2.04
dirección del viento (°): 99
nubes (%): 0
hora del amanecer (UNIX): 1723584317
hora del atardecer (UNIX): 1723633987
zona horaria: 28800
nombre de la ciudad: Beijing
id de la ciudad: 1816670
https://api.openweathermap.org/data/2.5/weather?lat=39.907501&lon=116.397232&appid=8000de0e0248108140e1bde34fbb45e1&units=metric
fecha y hora del reporte (UTC): 2024-08-14 03:56:10
longitud: 116.3972
latitud: 39.9075
estado del cielo: Clear
descripción del cielo: clear sky
temperatura actual (°C): 30.58
temperatura mínima (°C): 30.58
temperatura máxima (°C): 30.58
presión (hPa): 1010
humedad (%): 53
visibilidad (m): 10000
velocidad del viento (m/s): 2.04
dirección del viento (°): 99
nubes (%): 0
hora del amanecer (UNIX): 1723584317
hora del atardecer (UNIX): 1723633987
zona horaria: 28800
nombre de la ciudad: Beijing
id de la ciudad: 1816670
https://api.openweathermap.org/data/2.5/weather?lat=39.907501&lon=116.397232&appid=8000de0e0248108140e1bde34fbb45e1&units=metric
fecha y hora del reporte (UTC): 2024-08-14 04:15:02
longitud: 116.3972
latitud: 39.9075
estado del cielo: Clear
descripción del cielo: clear sky
temperatura actual (°C): 30.58
temperatura mínima (°C): 30.58
temperatura máxima (°C): 30.58
presión (hPa): 1010
humedad (%): 53
visibilidad (m): 10000
velocidad del viento (m/s): 2.04
dirección del viento (°): 99
nubes (%): 0
hora del amanecer (UNIX): 1723584317
hora del atardecer (UNIX): 1723633987
zona horaria: 28800
nombre de la ciudad: Beijing
id de la ciudad: 1816670
https://api.openweathermap.org/data/2.5/weather?lat=39.907501&lon=116.397232&appid=8000de0e0248108140e1bde34fbb45e1&units=metric
fecha y hora del reporte (UTC): 2024-08-14 04:18:01
longitud: 116.3972
latitud: 39.9075
estado del cielo: Clear
descripción del cielo: clear sky
temperatura actual (°C): 30.58
temperatura mínima (°C): 30.58
temperatura máxima (°C): 30.58
presión (hPa): 1010
humedad (%): 53
visibilidad (m): 10000
velocidad del viento (m/s): 2.04
dirección del viento (°): 99
nubes (%): 0
hora del amanecer (UNIX): 1723584317
hora del atardecer (UNIX): 1723633987
zona horaria: 28800
nombre de la ciudad: Beijing
id de la ciudad: 1816670
https://api.openweathermap.org/data/2.5/weather?lat=39.907501&lon=116.397232&appid=8000de0e0248108140e1bde34fbb45e1&units=metric
fecha y hora del reporte (UTC): 2024-08-14 04:18:01
longitud: 116.3972
latitud: 39.9075
estado del cielo: Clear
descripción del cielo: clear sky
temperatura actual (°C): 30.58
temperatura mínima (°C): 30.58
temperatura máxima (°C): 30.58
presión (hPa): 1010
humedad (%): 53
visibilidad (m): 10000
velocidad del viento (m/s): 2.04
dirección del viento (°): 99
nubes (%): 0
hora del amanecer (UNIX): 1723584317
hora del atardecer (UNIX): 1723633987
zona horaria: 28800
nombre de la ciudad: Beijing
id de la ciudad: 1816670
https://api.openweathermap.org/data/2.5/weather?lat=39.907501&lon=116.397232&appid=8000de0e0248108140e1bde34fbb45e1&units=metric
fecha y hora del reporte (UTC): 2024-08-14 04:18:01
longitud: 116.3972
latitud: 39.9075
estado del cielo: Clear
descripción del cielo: clear sky
temperatura actual (°C): 30.58
temperatura mínima (°C): 30.58
temperatura máxima (°C): 30.58
presión (hPa): 1010
humedad (%): 53
visibilidad (m): 10000
velocidad del viento (m/s): 2.04
dirección del viento (°): 99
nubes (%): 0
hora del amanecer (UNIX): 1723584317
hora del atardecer (UNIX): 1723633987
zona horaria: 28800
nombre de la ciudad: Beijing
id de la ciudad: 1816670
https://api.openweathermap.org/data/2.5/weather?lat=39.907501&lon=116.397232&appid=8000de0e0248108140e1bde34fbb45e1&units=metric
fecha y hora del reporte (UTC): 2024-08-14 04:15:02
longitud: 116.3972
latitud: 39.9075
estado del cielo: Clear
descripción del cielo: clear sky
temperatura actual (°C): 30.58
temperatura mínima (°C): 30.58
temperatura máxima (°C): 30.58
presión (hPa): 1010
humedad (%): 53
visibilidad (m): 10000
velocidad del viento (m/s): 2.04
dirección del viento (°): 99
nubes (%): 0
hora del amanecer (UNIX): 1723584317
hora del atardecer (UNIX): 1723633987
zona horaria: 28800
nombre de la ciudad: Beijing
id de la ciudad: 1816670
https://api.openweathermap.org/data/2.5/weather?lat=39.907501&lon=116.397232&appid=8000de0e0248108140e1bde34fbb45e1&units=metric
fecha y hora del reporte (UTC): 2024-08-14 04:15:02
longitud: 116.3972
latitud: 39.9075
estado del cielo: Clear
descripción del cielo: clear sky
temperatura actual (°C): 30.58
temperatura mínima (°C): 30.58
temperatura máxima (°C): 30.58
presión (hPa): 1010
humedad (%): 53
visibilidad (m): 10000
velocidad del viento (m/s): 2.04
dirección del viento (°): 99
nubes (%): 0
hora del amanecer (UNIX): 1723584317
hora del atardecer (UNIX): 1723633987
zona horaria: 28800
nombre de la ciudad: Beijing
id de la ciudad: 1816670
https://api.openweathermap.org/data/2.5/weather?lat=39.907501&lon=116.397232&appid=8000de0e0248108140e1bde34fbb45e1&units=metric
fecha y hora del reporte (UTC): 2024-08-14 04:15:02
longitud: 116.3972
latitud: 39.9075
estado del cielo: Clear
descripción del cielo: clear sky
temperatura actual (°C): 30.58
temperatura mínima (°C): 30.58
temperatura máxima (°C): 30.58
presión (hPa): 1010
humedad (%): 53
visibilidad (m): 10000
velocidad del viento (m/s): 2.04
dirección del viento (°): 99
nubes (%): 0
hora del amanecer (UNIX): 1723584317
hora del atardecer (UNIX): 1723633987
zona horaria: 28800
nombre de la ciudad: Beijing
id de la ciudad: 1816670
https://api.openweathermap.org/data/2.5/weather?lat=39.907501&lon=116.397232&appid=8000de0e0248108140e1bde34fbb45e1&units=metric
fecha y hora del reporte (UTC): 2024-08-14 04:28:17
longitud: 116.3972
latitud: 39.9075
estado del cielo: Clear
descripción del cielo: clear sky
temperatura actual (°C): 30.58
temperatura mínima (°C): 30.58
temperatura máxima (°C): 30.58
presión (hPa): 1010
humedad (%): 53
visibilidad (m): 10000
velocidad del viento (m/s): 2.04
dirección del viento (°): 99
nubes (%): 0
hora del amanecer (UNIX): 1723584317
hora del atardecer (UNIX): 1723633987
zona horaria: 28800
nombre de la ciudad: Beijing
id de la ciudad: 1816670
https://api.openweathermap.org/data/2.5/weather?lat=39.907501&lon=116.397232&appid=8000de0e0248108140e1bde34fbb45e1&units=metric
fecha y hora del reporte (UTC): 2024-08-14 04:38:28
longitud: 116.398
latitud: 39.908
estado del cielo: Clear
descripción del cielo: clear sky
temperatura actual (°C): 31.3
temperatura mínima (°C): 31.3
temperatura máxima (°C): 31.3
presión (hPa): 1010
humedad (%): 49
visibilidad (m): 10000
velocidad del viento (m/s): 2.45
dirección del viento (°): 105
nubes (%): 0
hora del amanecer (UNIX): 1723584317
hora del atardecer (UNIX): 1723633987
zona horaria: 28800
nombre de la ciudad: Beijing
id de la ciudad: 1816670
https://api.openweathermap.org/data/2.5/weather?lat=39.907501&lon=116.397232&appid=8000de0e0248108140e1bde34fbb45e1&units=metric
fecha y hora del reporte (UTC): 2024-08-14 04:47:10
longitud: 116.3972
latitud: 39.9075
estado del cielo: Clear
descripción del cielo: clear sky
temperatura actual (°C): 31.3
temperatura mínima (°C): 31.3
temperatura máxima (°C): 31.3
presión (hPa): 1010
humedad (%): 49
visibilidad (m): 10000
velocidad del viento (m/s): 2.45
dirección del viento (°): 105
nubes (%): 0
hora del amanecer (UNIX): 1723584317
hora del atardecer (UNIX): 1723633987
zona horaria: 28800
nombre de la ciudad: Beijing
id de la ciudad: 1816670
https://api.openweathermap.org/data/2.5/weather?lat=39.907501&lon=116.397232&appid=8000de0e0248108140e1bde34fbb45e1&units=metric
fecha y hora del reporte (UTC): 2024-08-14 04:47:10
longitud: 116.3972
latitud: 39.9075
estado del cielo: Clear
descripción del cielo: clear sky
temperatura actual (°C): 31.3
temperatura mínima (°C): 31.3
temperatura máxima (°C): 31.3
presión (hPa): 1010
humedad (%): 49
visibilidad (m): 10000
velocidad del viento (m/s): 2.45
dirección del viento (°): 105
nubes (%): 0
hora del amanecer (UNIX): 1723584317
hora del atardecer (UNIX): 1723633987
zona horaria: 28800
nombre de la ciudad: Beijing
id de la ciudad: 1816670
https://api.openweathermap.org/data/2.5/weather?lat=39.907501&lon=116.397232&appid=8000de0e0248108140e1bde34fbb45e1&units=metric
fecha y hora del reporte (UTC): 2024-08-14 05:09:31
longitud: 116.3972
latitud: 39.9075
estado del cielo: Clear
descripción del cielo: clear sky
temperatura actual (°C): 31.3
temperatura mínima (°C): 31.3
temperatura máxima (°C): 31.3
presión (hPa): 1010
humedad (%): 49
visibilidad (m): 10000
velocidad del viento (m/s): 2.45
dirección del viento (°): 105
nubes (%): 0
hora del amanecer (UNIX): 1723584317
hora del atardecer (UNIX): 1723633987
zona horaria: 28800
nombre de la ciudad: Beijing
id de la ciudad: 1816670
https://api.openweathermap.org/data/2.5/weather?lat=39.907501&lon=116.397232&appid=8000de0e0248108140e1bde34fbb45e1&units=metric
fecha y hora del reporte (UTC): 2024-08-14 05:09:31
longitud: 116.3972
latitud: 39.9075
estado del cielo: Clear
descripción del cielo: clear sky
temperatura actual (°C): 31.3
temperatura mínima (°C): 31.3
temperatura máxima (°C): 31.3
presión (hPa): 1010
humedad (%): 49
visibilidad (m): 10000
velocidad del viento (m/s): 2.45
dirección del viento (°): 105
nubes (%): 0
hora del amanecer (UNIX): 1723584317
hora del atardecer (UNIX): 1723633987
zona horaria: 28800
nombre de la ciudad: Beijing
id de la ciudad: 1816670
https://api.openweathermap.org/data/2.5/weather?lat=39.907501&lon=116.397232&appid=8000de0e0248108140e1bde34fbb45e1&units=metric
fecha y hora del reporte (UTC): 2024-08-14 05:25:14
longitud: 116.3972
latitud: 39.9075
estado del cielo: Clear
descripción del cielo: clear sky
temperatura actual (°C): 31.3
temperatura mínima (°C): 31.3
temperatura máxima (°C): 31.3
presión (hPa): 1010
humedad (%): 49
visibilidad (m): 10000
velocidad del viento (m/s): 2.45
dirección del viento (°): 105
nubes (%): 0
hora del amanecer (UNIX): 1723584317
hora del atardecer (UNIX): 1723633987
zona horaria: 28800
nombre de la ciudad: Beijing
id de la ciudad: 1816670
